****************************************************************************
***                           Sentaurus Device                           ***
***                        Version U-2022.12-SP1                         ***
***                      (2.8021373, x86_64, Linux)                      ***
***                                                                      ***
***                       Copyright (C) 1994-2023                        ***
***                            Synopsys, Inc.                            ***
***                                                                      ***
***  This software and the associated documentation are confidential     ***
***  and proprietary to Synopsys, Inc.  Your use or disclosure of this   ***
***  software is subject to the terms and conditions of a written        ***
***  license agreement between you, or your company, and Synopsys, Inc.  ***
****************************************************************************

	Running on machine with the following configuration:
	Host Name: tcad.mater.unimib.it
	Operating System: Linux rel. 3.10.0-1160.92.1.el7.x86_64 ver. #1 SMP Thu May 18 11:23:40 UTC 2023
	Machine Type: x86_64
	Process ID: 11450
	Number of processors: 40
	Domain Name: (none)
	Date: Tue Feb  4 12:51:47 2025  (CEST)

Tue Feb  4 12:51:47 2025: checked out 1 sdevice license(s)
Parsing circuit file /usr/local/synopsys/sentaurus/U-2022.12-SP1//tcad/U-2022.12-SP1/linux64/lib/sdevice/sd_hb_isource.ccf
Parsing circuit file /usr/local/synopsys/sentaurus/U-2022.12-SP1//tcad/U-2022.12-SP1/linux64/lib/sdevice/sd_hb_isource2.ccf
Parsing circuit file /usr/local/synopsys/sentaurus/U-2022.12-SP1//tcad/U-2022.12-SP1/linux64/lib/sdevice/sd_hb_sRL.ccf
Parsing circuit file /usr/local/synopsys/sentaurus/U-2022.12-SP1//tcad/U-2022.12-SP1/linux64/lib/sdevice/bs_psource.ccf
Parsing circuit file /usr/local/synopsys/sentaurus/U-2022.12-SP1//tcad/U-2022.12-SP1/linux64/lib/sdevice/sd_SRL1.ccf
Parsing circuit file /usr/local/synopsys/sentaurus/U-2022.12-SP1//tcad/U-2022.12-SP1/linux64/lib/sdevice/sd_hb_pGC.ccf
Parsing circuit file /usr/local/synopsys/sentaurus/U-2022.12-SP1//tcad/U-2022.12-SP1/linux64/lib/sdevice/sd_hb_vsource.ccf
Parsing circuit file /usr/local/synopsys/sentaurus/U-2022.12-SP1//tcad/U-2022.12-SP1/linux64/lib/sdevice/sd_hb_vsource2.ccf
Parsing circuit file /usr/local/synopsys/sentaurus/U-2022.12-SP1//tcad/U-2022.12-SP1/linux64/lib/scm/ferroelectric.ccf
Parsing circuit file /usr/local/synopsys/sentaurus/U-2022.12-SP1//tcad/U-2022.12-SP1/linux64/lib/scm/MOS_harness.ccf
Parsing circuit file /usr/local/synopsys/sentaurus/U-2022.12-SP1//tcad/U-2022.12-SP1/linux64/lib/scm/satinductor.ccf
Loading shared object file /usr/local/synopsys/sentaurus/U-2022.12-SP1//tcad/U-2022.12-SP1/linux64/lib/scm/satinductor.so.linux64
Loading shared object file /usr/local/synopsys/sentaurus/U-2022.12-SP1//tcad/U-2022.12-SP1/linux64/lib/scm/MOS_harness.so.linux64
Loading shared object file /usr/local/synopsys/sentaurus/U-2022.12-SP1//tcad/U-2022.12-SP1/linux64/lib/scm/ferroelectric.so.linux64
Loading shared object file /usr/local/synopsys/sentaurus/U-2022.12-SP1//tcad/U-2022.12-SP1/linux64/lib/sdevice/sd_hb_vsource2.so.linux64
Loading shared object file /usr/local/synopsys/sentaurus/U-2022.12-SP1//tcad/U-2022.12-SP1/linux64/lib/sdevice/sd_hb_vsource.so.linux64
Loading shared object file /usr/local/synopsys/sentaurus/U-2022.12-SP1//tcad/U-2022.12-SP1/linux64/lib/sdevice/sd_hb_pGC.so.linux64
Loading shared object file /usr/local/synopsys/sentaurus/U-2022.12-SP1//tcad/U-2022.12-SP1/linux64/lib/sdevice/sd_SRL1.so.linux64
Loading shared object file /usr/local/synopsys/sentaurus/U-2022.12-SP1//tcad/U-2022.12-SP1/linux64/lib/sdevice/bs_psource.so.linux64
Loading shared object file /usr/local/synopsys/sentaurus/U-2022.12-SP1//tcad/U-2022.12-SP1/linux64/lib/sdevice/sd_hb_sRL.so.linux64
Loading shared object file /usr/local/synopsys/sentaurus/U-2022.12-SP1//tcad/U-2022.12-SP1/linux64/lib/sdevice/sd_hb_isource2.so.linux64
Loading shared object file /usr/local/synopsys/sentaurus/U-2022.12-SP1//tcad/U-2022.12-SP1/linux64/lib/sdevice/sd_hb_isource.so.linux64

Input source: ../ZEN/zenoff_des.cmd

===============================

Output file: zen_off_des.log


GlobalParameter {
}
no ACExtract file

PMIPath file: /usr/local/synopsys/sentaurus/U-2022.12-SP1//tcad/U-2022.12-SP1/linux64/lib/sdevice-34.2.8021373 /usr/local/synopsys/sentaurus/U-2022.12-SP1//tcad/U-2022.12-SP1/linux64/lib/sdevice

CMIPath file: /usr/local/synopsys/sentaurus/U-2022.12-SP1//tcad/U-2022.12-SP1/linux64/lib/sdevice /usr/local/synopsys/sentaurus/U-2022.12-SP1//tcad/U-2022.12-SP1/linux64/lib/scm

SPICEPath file: /usr/local/synopsys/sentaurus/U-2022.12-SP1//tcad/U-2022.12-SP1/lib/sdevice-34.2.8021373/spice

no DevicePath file

no CIRCUITSAVENAME file

no CIRCUITLOADNAME file

Numerical parameters:
  Absolute error : 
    Poisson : 1.0000e-03
    eqPoisson : 1.0000e-03
    Electron : 1.0000e-05
    Hole : 1.0000e-05
    Photon-Rate-Equation : 1.0000e-07
    Photon-Phase-Equation : 1.0000e-05
    Rate-Stabilize-Equation : 1.0000e-07
    QW-Scattering-Equations : 1.0000e-05
    QW-eScattering-Equation : 1.0000e-05
    QW-hScattering-Equation : 1.0000e-05
    Optical Problem : 1.0000e-03
    Wavelength : 1.0000e-03
    Bandstructure : 1.0000e-03
    EmissionTable : 1.0000e-03
    DephasingRates : 1.0000e-03
    Photon Recycling : 1.0000e-03
    Electron-Temperature : 1.0000e-04
    Hole-Temperature : 1.0000e-04
    Lattice-Hole-Electron-Temperature : 1.0000e-03
    Circuit : 1.0000e-03
    TCircuit : 1.0000e-03
    Contact : 1.0000e-03
    TContact : 1.0000e-03
    Continuation : 1.0000e-03
    eLaplace : 1.0000e-03
    hLaplace : 1.0000e-03
    tLaplace : 1.0000e-03
    electron quasi-fermi-potential : 1.0000e-03
    hole quasi-fermi-potential : 1.0000e-03
    MonteCarlo : 1.0000e-03
    MCPoissonPDE : 1.0000e-03
    eQuantumPotential : 1.0000e-03
    hQuantumPotential : 1.0000e-03
    quasi-fermi-potential : 1.0000e-03
    ConductiveInsulator : 1.0000e-03
    ContactAndConductiveInsulator : 1.0000e-03
    SingletExciton : 1.0000e-05
    FEPolarization : 1.0000e-05
    FEPolarizationX : 1.0000e-05
    FEPolarizationY : 1.0000e-05
    FEPolarizationZ : 1.0000e-05
    FEPolDivFree : 1.0000e-03
    eHopping : 1.0000e-03
    hHopping : 1.0000e-03
    HydrogenAtom : 1.0000e-03
    HydrogenMolecule : 1.0000e-03
    HydrogenIon : 1.0000e-03
    HydrogenSpeciesA : 1.0000e-03
    HydrogenSpeciesB : 1.0000e-03
    HydrogenSpeciesC : 1.0000e-03
    HydrogenSiliconBondOccupation : 1.0000e-03
    TrapPDE : 1.0000e-03
    eSHEDistribution : 1.0000e-03
    hSHEDistribution : 1.0000e-03
    Landau-Lifshitz-Gilbert[theta] : 1.0000e-03
    Landau-Lifshitz-Gilbert[phi] : 1.0000e-03
    Landau-Lifshitz-Gilbert[x] : 1.0000e-03
    Landau-Lifshitz-Gilbert[y] : 1.0000e-03
    Landau-Lifshitz-Gilbert[z] : 1.0000e-03
    Mechanics : 1.0000e-03
    ExternalTransportSolver : 1.0000e-03
    ReactionDiffusionPDE : 1.0000e-03
    eDensity_Valley1 : 1.0000e-05
    eDensity_Valley2 : 1.0000e-05
    eDensity_Valley3 : 1.0000e-05
    eDensity_Valley4 : 1.0000e-05
    hDensity_Valley1 : 1.0000e-05
    hDensity_Valley2 : 1.0000e-05
    hDensity_Valley3 : 1.0000e-05
    hDensity_Valley4 : 1.0000e-05
    eMVTransitionRate : 1.0000e-05
    hMVTransitionRate : 1.0000e-05
  RelErrControl (Reference error): 
    Poisson : 0.025852
    eqPoisson : 1
    Electron : 1.0000e+07
    Hole : 1.0000e+07
    Photon-Rate-Equation : 1.0000e-07
    Photon-Phase-Equation : 1
    Rate-Stabilize-Equation : 1.0000e-07
    QW-Scattering-Equations : 1.0000e+10
    QW-eScattering-Equation : 1.0000e+10
    QW-hScattering-Equation : 1.0000e+10
    Optical Problem : 1
    Wavelength : 1
    Bandstructure : 1
    EmissionTable : 1
    DephasingRates : 1
    Photon Recycling : 1
    Electron-Temperature : 3.0000e+02
    Hole-Temperature : 3.0000e+02
    Lattice-Hole-Electron-Temperature : 3.0000e+02
    Circuit : 1
    TCircuit : 1
    Contact : 0.025852
    TContact : 1
    Continuation : 1
    eLaplace : 1
    hLaplace : 1
    tLaplace : 1
    electron quasi-fermi-potential : 0.025852
    hole quasi-fermi-potential : 0.025852
    MonteCarlo : 1
    MCPoissonPDE : 1
    eQuantumPotential : 0.025852
    hQuantumPotential : 0.025852
    quasi-fermi-potential : 0.025852
    ConductiveInsulator : 1
    ContactAndConductiveInsulator : 1
    SingletExciton : 1.0000e+10
    FEPolarization : 0.025852
    FEPolarizationX : 0.025852
    FEPolarizationY : 0.025852
    FEPolarizationZ : 0.025852
    FEPolDivFree : 1
    eHopping : 0.025852
    hHopping : 0.025852
    HydrogenAtom : 1.0000e+10
    HydrogenMolecule : 1.0000e+10
    HydrogenIon : 1.0000e+10
    HydrogenSpeciesA : 1.0000e+10
    HydrogenSpeciesB : 1.0000e+10
    HydrogenSpeciesC : 1.0000e+10
    HydrogenSiliconBondOccupation : 1
    TrapPDE : 1.0000e-05
    eSHEDistribution : 0.025852
    hSHEDistribution : 0.025852
    Landau-Lifshitz-Gilbert[theta] : 1
    Landau-Lifshitz-Gilbert[phi] : 1
    Landau-Lifshitz-Gilbert[x] : 1
    Landau-Lifshitz-Gilbert[y] : 1
    Landau-Lifshitz-Gilbert[z] : 1
    Mechanics : 1
    ExternalTransportSolver : 1
    ReactionDiffusionPDE : 1
    eDensity_Valley1 : 1.0000e+10
    eDensity_Valley2 : 1.0000e+10
    eDensity_Valley3 : 1.0000e+10
    eDensity_Valley4 : 1.0000e+10
    hDensity_Valley1 : 1.0000e+10
    hDensity_Valley2 : 1.0000e+10
    hDensity_Valley3 : 1.0000e+10
    hDensity_Valley4 : 1.0000e+10
    eMVTransitionRate : 1.0000e+10
    hMVTransitionRate : 1.0000e+10
  Relative error : 5 digits
  Without checked transient error
  Max. #iterations : 20
  LineSearchDamping=1
  #undamped iterations : 50
  No incomplete Newton
  transient method : TR-BDF
  Linear solver : blocked decomposition
  Linear solver for AC analysis : blocked decomposition
  Linear solver for SHEDistribution Model : Super
  use linear extrapolation in transient/quasistationary computations
  use complex supernodal in ac-analysis (if possible)
  do not use smoothed PDE's in transient/quasistationary computations
  use automatic coupling of contact/circuit stuff
  Spice temperature: 3.0015e+02
  Spice nominal temperature of parameter measurements: 3.0015e+02
  Spice minimum conductance gmin: 1.0000e-12
  Use 64 bit (double) normal precision floating point arithmetic.
  Mininum |rhs| : 1.0000e-05
  Maximum |rhs| (transient): 1.0000e+15
  Maximum |rhs| (non-transient): 1.0000e+100
  Maximum |rhs| factor : 1.0000e+10
  Maximum |rhs| factor1 : 1.0000e+10
  Lattice Temperature Range : (50,5.0000e+03)
  Carrier Temperature Range : (10,8.0000e+04)
  Simplified first order SHE of BTE will be solved
  SHERefinementCutoff : 20
  No user dependencies.
  Number of assembly threads: 1 (default)
  Number of solver threads: 1 (OMP_NUM_THREADS)
  Thread stacksize: 1000000 bytes (default)
  Go serial if not enough parallel licenses are available.
  Model: Math  Switched on

Default device parameters:
  Electrodes:
    "cathode" : 0.0000e+00 V (Ohmic), area factor : 1
    "anode" : 0.0000e+00 V (Ohmic), area factor : 1
    "sub" : 0.0000e+00 V (Ohmic), area factor : 1
  RayTrace Boundaries:
  Files:
    no Boundary file
    Grid file: zen_msh.tdr
    Doping file: zen_msh.tdr
    no MobilityDoping file
    MIMCurrent file: ../ZEN/zenoff_des_mimcur_des.plt
    no MIMDefects file
    no InitialDefects file
    no CyclicNorm file
    no MIMBand file
    MIMSensitivity file: ../ZEN/zenoff_des_mimsa_des.tdr
    no Load file
    no Save file
    Plot file: zen_off (extension see below)
    no DevFieldsName file
    AutoNewtonPlot file: zen_off_%ld_des.tdr
    no Path file
    no Lifetime file
    no Temperature file
    Current file: zen_off_des.plt
    no PMIUserFields file
    no Extraction file
    no ModelParameters file
    ParameterPath directories: 
    no Piezo file
    no mcDOS file
    no ModeGain file
    no Optical emission table for stimulated emission file
    no Optical emission table for spontaneous emission file
    no Optical emission table for photon phase change coefficient file
    no EmissionTable file
    no DephasingRates file
    no OpticalFarField file
    no OpticalIntensityPattern file
    no SaveOpticalIntensityPattern file
    no IlluminationSpectrum file
    no SpectralPlot file
    no OpticalSolverInput file
    no OpticalGenerationInput file
    no OpticalGenerationOutuput file
    no OptGenTransientScaling file
    no MonteCarloInput file
    no MonteCarloOutput file
    no ACPlot file
-----------------------------------------------
  Numerical parameters:
    With avalanche derivatives
    Using New Plot Names
    Using old wavelength search algorithm
    Do not reinitialize quasi Fermi potentials in quasi-stationary simulations
    Ignore ionization integral constraints
    Without diagonal preconditioning
    With Scharfetter-Gummel Discretization
    Relative error : 5 digits
    Delta for numerical tunnelling derivatives : 1.0000e-03
    Do not compute breakdown paths and ionization integrals
    QuasiFermiPotential is used for Contact Equation
    With usage of best vertex in element (maximum element-vertex volume angle) for impact ionization models
-----------------------------------------------
-----------------------------------------------
  Physical models:
    Without incomplete ionization
    Use Si parameters
    TATNonlocalPathNC = 0.0000e+00
    With SRH-Recombination
      Without field dependent lifetimes
      With doping dependent lifetimes
      Without temperature dependent lifetimes
    Without CDL-Recombination
    With optical generation computation 
    With Band-to-Band Tunneling
      Schenk model
        Local density correction
    With Auger-Recombination (without Generation)
    Without Radiative Recombination
    Without Surface-Recombination
    Without Trap-Assisted-Auger-Recombination
    PMI recombination models: none
    Without thermal resistance interfaces
    Without distributed resistance interfaces for electrons
    Without distributed resistance interfaces for holes
    Without Piezo
    Without Anisotropic Material Properties

    With Avalanche-Generation: 
    For electrons:
      driving force is Gradient Quasi Fermi,
      model according to van Overstraeten / de Man
    For holes:
      driving force is Gradient Quasi Fermi,
      model according to van Overstraeten / de Man

    Without Alpha Particle
    Without Heavy Ion
    Without polarization
    Volume charge density: 0.0000e+00 cm^-3
    Device Temperature = 3.0000e+02 K
    Electron Quasi Fermi Potential: 0.0000e+00 V
    Hole Quasi Fermi Potential: 0.0000e+00 V
    Without MagneticField
    With SingletExciton Barrier Type
    Intrinsic density models:
      default bandgap model
      Bandgap narrowing model: OldSlotboom with bandgap narrowing (no Fermi)
    default affinity model
    default effective mass model
    Electron mobility:
      Doping dependence:
        Philips unified mobility
      no Carrier-Carrier scattering
      no bulk trap Coulomb scattering 
      no E_normal dependence
      Without ThinLayer mobility model
      no high-field saturation
      Einstein relation for diffusivity-mobility ratio
      no band tail high-field mobility
    Hole mobility:
      Doping dependence:
        Philips unified mobility
      no Carrier-Carrier scattering
      no bulk trap Coulomb scattering 
      no E_normal dependence
      Without ThinLayer mobility model
      no high-field saturation
      Einstein relation for diffusivity-mobility ratio
      no band tail high-field mobility
    Energy relaxation time model: according to formula in parameter file
    Schottky resistance model: default bult-in model
    Lattice thermal conductivity model: according to formula in parameter file
    Metal Resistivity model: according to formula in parameter file
    Thermo Electric Power model: extraploted Si data
    Metal Thermo Electric Power model: MetalThermoElectricPower model not defined
    Lattice heat capacity model: temperature dependent
    no piezoelectric polarization model
    Without default parameters from file (use built-in default parameters)
-----------------------------------------------
  Process information for extraction purposes:
    none
  Plot variables:
    eDensity
    hDensity
    TotalCurrentDensity/Vector
    eCurrentDensity/Vector
    hCurrentDensity/Vector
    ElectricField/Vector
    ElectrostaticPotential
    DopingConcentration
    SRHRecombination
    ! WARNING SRHRecombination is an alias for srhRecombination. The latter name will appear in .plt and .tdr files. 
    AugerRecombination
    AvalancheGeneration
    ! WARNING AvalancheGeneration is an alias for ImpactIonization. The latter name will appear in .plt and .tdr files. 
    Band2BandGeneration
    eMobility
    hMobility
    DonorConcentration
    AcceptorConcentration
    eQuasiFermiEnergy
    hQuasiFermiEnergy
    ConductionBandEnergy
    ValenceBandEnergy

------------------------------------------------
  NoisePlot variables:
    none
  Plot groups:
    none

------------------------------------------------
  CurrentPlot variables:
    none
Devices:
Systems:
Solve :
 Poisson
Coupled ( Digits : 5, Max. #iterations : 20, 
    Solver : blocked decomposition,
    #undamped iterations : 50 
    )
    { Poisson Electron Hole } 
Quasistationary ( Digits : 5, Max. #iterations : 20, 
      Initial step in t : 0.01, 
      Minimum step in t : 1.0000e-10, Maximum step in t : 0.025, 
      Increment : 2, Decrement : 3, 
      Goal values :
        Contact anode : -1.0000e+01V
      Plot at [ t=0.4, t=0.5, t=0.6 ]
    )
  {
    Coupled ( Digits : 5, Max. #iterations : 20, 
        Solver : blocked decomposition,
        #undamped iterations : 50 
        )
        { Poisson Electron Hole } 
  }

===============================

Reading grid 'zen_msh.tdr' ... 

The data file "zen_msh.tdr" was not found,
or its format was not recognized !

Tue Feb  4 12:51:47 2025: checked in 1 sdevice license(s)
